15654:C 30 Sep 2020 14:24:54.840 # oO0OoO0OoO0Oo Redis is starting oO0OoO0OoO0Oo
15654:C 30 Sep 2020 14:24:54.841 # Redis version=6.0.6, bits=64, commit=00000000, modified=0, pid=15654, just started
15654:C 30 Sep 2020 14:24:54.841 # Configuration loaded
15654:M 30 Sep 2020 14:24:54.842 * Increased maximum number of open files to 10032 (it was originally set to 8192).
15654:M 30 Sep 2020 14:24:54.843 * No cluster configuration found, I'm bf119a83727a7bdfa84e0a27a596c4a98761dadd
15654:M 30 Sep 2020 14:24:54.843 * Running mode=cluster, port=30005.
15654:M 30 Sep 2020 14:24:54.843 # Server initialized
15654:M 30 Sep 2020 14:24:54.843 * Ready to accept connections
15654:M 30 Sep 2020 14:32:34.946 # configEpoch set to 5 via CLUSTER SET-CONFIG-EPOCH
15654:M 30 Sep 2020 14:32:35.009 # IP address for this node updated to 127.0.0.1
15654:S 30 Sep 2020 14:32:36.954 * Before turning into a replica, using my own master parameters to synthesize a cached master: I may be able to synchronize with the new master with just a partial transfer.
15654:S 30 Sep 2020 14:32:36.955 # Cluster state changed: ok
15654:S 30 Sep 2020 14:32:37.304 * Connecting to MASTER 127.0.0.1:30003
15654:S 30 Sep 2020 14:32:37.304 * MASTER <-> REPLICA sync started
15654:S 30 Sep 2020 14:32:37.304 * Non blocking connect for SYNC fired the event.
15654:S 30 Sep 2020 14:32:37.304 * Master replied to PING, replication can continue...
15654:S 30 Sep 2020 14:32:37.305 * Trying a partial resynchronization (request b28b06a6558a1f6b1c700a44b80f610ff8df3059:1).
15654:S 30 Sep 2020 14:32:37.305 * Full resync from master: ac8cf73b571a4bb4673ffcc6964422d3f9e7284c:0
15654:S 30 Sep 2020 14:32:37.305 * Discarding previously cached master state.
15654:S 30 Sep 2020 14:32:37.372 * MASTER <-> REPLICA sync: receiving 175 bytes from master to disk
15654:S 30 Sep 2020 14:32:37.372 * MASTER <-> REPLICA sync: Flushing old data
15654:S 30 Sep 2020 14:32:37.372 * MASTER <-> REPLICA sync: Loading DB in memory
15654:S 30 Sep 2020 14:32:37.372 * Loading RDB produced by version 6.0.6
15654:S 30 Sep 2020 14:32:37.372 * RDB age 0 seconds
15654:S 30 Sep 2020 14:32:37.373 * RDB memory usage when created 2.65 Mb
15654:S 30 Sep 2020 14:32:37.373 * MASTER <-> REPLICA sync: Finished with success
15654:S 30 Sep 2020 14:32:37.373 * Background append only file rewriting started by pid 15750
15654:S 30 Sep 2020 14:32:37.395 * AOF rewrite child asks to stop sending diffs.
15750:C 30 Sep 2020 14:32:37.395 * Parent agreed to stop sending diffs. Finalizing AOF...
15750:C 30 Sep 2020 14:32:37.396 * Concatenating 0.00 MB of AOF diff received from parent.
15750:C 30 Sep 2020 14:32:37.396 * SYNC append only file rewrite performed
15654:S 30 Sep 2020 14:32:37.404 * Background AOF rewrite terminated with success
15654:S 30 Sep 2020 14:32:37.405 * Residual parent diff successfully flushed to the rewritten AOF (0.00 MB)
15654:S 30 Sep 2020 14:32:37.405 * Background AOF rewrite finished successfully
