15650:C 30 Sep 2020 14:24:51.454 # oO0OoO0OoO0Oo Redis is starting oO0OoO0OoO0Oo
15650:C 30 Sep 2020 14:24:51.454 # Redis version=6.0.6, bits=64, commit=00000000, modified=0, pid=15650, just started
15650:C 30 Sep 2020 14:24:51.454 # Configuration loaded
15650:M 30 Sep 2020 14:24:51.455 * Increased maximum number of open files to 10032 (it was originally set to 8192).
15650:M 30 Sep 2020 14:24:51.456 * No cluster configuration found, I'm 18c00cceabf2a92d44dd8f0a7c723bf67638e5ff
15650:M 30 Sep 2020 14:24:51.457 * Running mode=cluster, port=30004.
15650:M 30 Sep 2020 14:24:51.457 # Server initialized
15650:M 30 Sep 2020 14:24:51.457 * Ready to accept connections
15650:M 30 Sep 2020 14:32:34.946 # configEpoch set to 4 via CLUSTER SET-CONFIG-EPOCH
15650:M 30 Sep 2020 14:32:35.009 # IP address for this node updated to 127.0.0.1
15650:S 30 Sep 2020 14:32:36.954 * Before turning into a replica, using my own master parameters to synthesize a cached master: I may be able to synchronize with the new master with just a partial transfer.
15650:S 30 Sep 2020 14:32:36.954 # Cluster state changed: ok
15650:S 30 Sep 2020 14:32:37.233 * Connecting to MASTER 127.0.0.1:30002
15650:S 30 Sep 2020 14:32:37.233 * MASTER <-> REPLICA sync started
15650:S 30 Sep 2020 14:32:37.234 * Non blocking connect for SYNC fired the event.
15650:S 30 Sep 2020 14:32:37.234 * Master replied to PING, replication can continue...
15650:S 30 Sep 2020 14:32:37.234 * Trying a partial resynchronization (request b385f4781b827e51b0d6dee0c727bc4a55744ace:1).
15650:S 30 Sep 2020 14:32:37.235 * Full resync from master: 326500c80d1f8897dfc24eb18eb420742d500fae:0
15650:S 30 Sep 2020 14:32:37.235 * Discarding previously cached master state.
15650:S 30 Sep 2020 14:32:37.297 * MASTER <-> REPLICA sync: receiving 175 bytes from master to disk
15650:S 30 Sep 2020 14:32:37.297 * MASTER <-> REPLICA sync: Flushing old data
15650:S 30 Sep 2020 14:32:37.297 * MASTER <-> REPLICA sync: Loading DB in memory
15650:S 30 Sep 2020 14:32:37.298 * Loading RDB produced by version 6.0.6
15650:S 30 Sep 2020 14:32:37.298 * RDB age 0 seconds
15650:S 30 Sep 2020 14:32:37.298 * RDB memory usage when created 2.65 Mb
15650:S 30 Sep 2020 14:32:37.298 * MASTER <-> REPLICA sync: Finished with success
15650:S 30 Sep 2020 14:32:37.298 * Background append only file rewriting started by pid 15748
15650:S 30 Sep 2020 14:32:37.321 * AOF rewrite child asks to stop sending diffs.
15748:C 30 Sep 2020 14:32:37.321 * Parent agreed to stop sending diffs. Finalizing AOF...
15748:C 30 Sep 2020 14:32:37.321 * Concatenating 0.00 MB of AOF diff received from parent.
15748:C 30 Sep 2020 14:32:37.321 * SYNC append only file rewrite performed
15650:S 30 Sep 2020 14:32:37.334 * Background AOF rewrite terminated with success
15650:S 30 Sep 2020 14:32:37.334 * Residual parent diff successfully flushed to the rewritten AOF (0.00 MB)
15650:S 30 Sep 2020 14:32:37.334 * Background AOF rewrite finished successfully
