15658:C 30 Sep 2020 14:24:58.002 # oO0OoO0OoO0Oo Redis is starting oO0OoO0OoO0Oo
15658:C 30 Sep 2020 14:24:58.002 # Redis version=6.0.6, bits=64, commit=00000000, modified=0, pid=15658, just started
15658:C 30 Sep 2020 14:24:58.002 # Configuration loaded
15658:M 30 Sep 2020 14:24:58.003 * Increased maximum number of open files to 10032 (it was originally set to 8192).
15658:M 30 Sep 2020 14:24:58.004 * No cluster configuration found, I'm 1f21c8ba8976a320bf105c1216f0a70f3e1afb57
15658:M 30 Sep 2020 14:24:58.004 * Running mode=cluster, port=30006.
15658:M 30 Sep 2020 14:24:58.004 # Server initialized
15658:M 30 Sep 2020 14:24:58.005 * Ready to accept connections
15658:M 30 Sep 2020 14:32:34.946 # configEpoch set to 6 via CLUSTER SET-CONFIG-EPOCH
15658:M 30 Sep 2020 14:32:35.009 # IP address for this node updated to 127.0.0.1
15658:S 30 Sep 2020 14:32:36.955 * Before turning into a replica, using my own master parameters to synthesize a cached master: I may be able to synchronize with the new master with just a partial transfer.
15658:S 30 Sep 2020 14:32:36.955 # Cluster state changed: ok
15658:S 30 Sep 2020 14:32:37.646 * Connecting to MASTER 127.0.0.1:30001
15658:S 30 Sep 2020 14:32:37.646 * MASTER <-> REPLICA sync started
15658:S 30 Sep 2020 14:32:37.646 * Non blocking connect for SYNC fired the event.
15658:S 30 Sep 2020 14:32:37.646 * Master replied to PING, replication can continue...
15658:S 30 Sep 2020 14:32:37.646 * Trying a partial resynchronization (request ba35bb06b70531c63f774b697acaaf3162f899bf:1).
15658:S 30 Sep 2020 14:32:37.647 * Full resync from master: 88f2910f8ed9c6f7e259d3cc647bbcd3331e4807:0
15658:S 30 Sep 2020 14:32:37.647 * Discarding previously cached master state.
15658:S 30 Sep 2020 14:32:37.679 * MASTER <-> REPLICA sync: receiving 175 bytes from master to disk
15658:S 30 Sep 2020 14:32:37.679 * MASTER <-> REPLICA sync: Flushing old data
15658:S 30 Sep 2020 14:32:37.679 * MASTER <-> REPLICA sync: Loading DB in memory
15658:S 30 Sep 2020 14:32:37.679 * Loading RDB produced by version 6.0.6
15658:S 30 Sep 2020 14:32:37.679 * RDB age 0 seconds
15658:S 30 Sep 2020 14:32:37.679 * RDB memory usage when created 2.64 Mb
15658:S 30 Sep 2020 14:32:37.679 * MASTER <-> REPLICA sync: Finished with success
15658:S 30 Sep 2020 14:32:37.680 * Background append only file rewriting started by pid 15752
15658:S 30 Sep 2020 14:32:37.702 * AOF rewrite child asks to stop sending diffs.
15752:C 30 Sep 2020 14:32:37.702 * Parent agreed to stop sending diffs. Finalizing AOF...
15752:C 30 Sep 2020 14:32:37.702 * Concatenating 0.00 MB of AOF diff received from parent.
15752:C 30 Sep 2020 14:32:37.703 * SYNC append only file rewrite performed
15658:S 30 Sep 2020 14:32:37.750 * Background AOF rewrite terminated with success
15658:S 30 Sep 2020 14:32:37.750 * Residual parent diff successfully flushed to the rewritten AOF (0.00 MB)
15658:S 30 Sep 2020 14:32:37.750 * Background AOF rewrite finished successfully
